<?xml version="1.0" encoding="UTF-8"?>
<robot generator="Robot 3.1.1 (Python 3.8.0a1 on win32)" generated="20190219 08:50:05.471" rpa="false">
<suite id="s1" name="Account" source="C:\Users\TeemuM\Documents\RF_Poc\account">
<suite id="s1-s1" name="Login" source="C:\Users\TeemuM\Documents\RF_Poc\account\login.robot">
<kw name="Open Browser" library="SeleniumLibrary" type="setup">
<doc>Opens a new browser instance to the given ``url``.</doc>
<arguments>
<arg>url=https://www.ultimateqa.com/</arg>
<arg>browser=chrome</arg>
<arg>remote_url=http://localhost:4444/wd/hub</arg>
</arguments>
<msg timestamp="20190219 08:50:06.047" level="INFO">Opening browser 'chrome' to base url 'https://www.ultimateqa.com/' through remote server at 'http://localhost:4444/wd/hub'.</msg>
<status status="PASS" starttime="20190219 08:50:06.047" endtime="20190219 08:50:13.450"></status>
</kw>
<test id="s1-s1-t1" name="Successful Login">
<kw name="Maximize Browser Window" library="SeleniumLibrary">
<doc>Maximizes current browser window.</doc>
<status status="PASS" starttime="20190219 08:50:13.451" endtime="20190219 08:50:13.612"></status>
</kw>
<kw name="Wait Until Page Contains" library="SeleniumLibrary">
<doc>Waits until ``text`` appears on current page.</doc>
<arguments>
<arg>View All Course</arg>
</arguments>
<status status="PASS" starttime="20190219 08:50:13.613" endtime="20190219 08:50:13.702"></status>
</kw>
<kw name="Navigate To Page With Link">
<arguments>
<arg>Course</arg>
</arguments>
<kw name="Click Link" library="SeleniumLibrary">
<doc>Clicks a link identified by ``locator``.</doc>
<arguments>
<arg>partial link:${link_name}</arg>
</arguments>
<msg timestamp="20190219 08:50:13.703" level="INFO">Clicking link 'partial link:Course'.</msg>
<status status="PASS" starttime="20190219 08:50:13.702" endtime="20190219 08:50:22.096"></status>
</kw>
<kw name="Wait Until Page Contains" library="SeleniumLibrary">
<doc>Waits until ``text`` appears on current page.</doc>
<arguments>
<arg>${link_name}</arg>
</arguments>
<status status="PASS" starttime="20190219 08:50:22.097" endtime="20190219 08:50:22.143"></status>
</kw>
<status status="PASS" starttime="20190219 08:50:13.702" endtime="20190219 08:50:22.143"></status>
</kw>
<kw name="Navigate To Page With Link">
<arguments>
<arg>Sign</arg>
</arguments>
<kw name="Click Link" library="SeleniumLibrary">
<doc>Clicks a link identified by ``locator``.</doc>
<arguments>
<arg>partial link:${link_name}</arg>
</arguments>
<msg timestamp="20190219 08:50:22.144" level="INFO">Clicking link 'partial link:Sign'.</msg>
<status status="PASS" starttime="20190219 08:50:22.144" endtime="20190219 08:50:22.989"></status>
</kw>
<kw name="Wait Until Page Contains" library="SeleniumLibrary">
<doc>Waits until ``text`` appears on current page.</doc>
<arguments>
<arg>${link_name}</arg>
</arguments>
<status status="PASS" starttime="20190219 08:50:22.989" endtime="20190219 08:50:23.014"></status>
</kw>
<status status="PASS" starttime="20190219 08:50:22.143" endtime="20190219 08:50:23.014"></status>
</kw>
<kw name="Enter Credentials">
<arguments>
<arg>${Email_address}</arg>
<arg>${password}</arg>
</arguments>
<kw name="Input Text" library="SeleniumLibrary">
<doc>Types the given ``text`` into text field identified by ``locator``.</doc>
<arguments>
<arg>id=user_email</arg>
<arg>${email}</arg>
</arguments>
<msg timestamp="20190219 08:50:23.015" level="INFO">Typing text 'testi@esimerkki.com' into text field 'id=user_email'.</msg>
<status status="PASS" starttime="20190219 08:50:23.014" endtime="20190219 08:50:23.227"></status>
</kw>
<kw name="Input Text" library="SeleniumLibrary">
<doc>Types the given ``text`` into text field identified by ``locator``.</doc>
<arguments>
<arg>id=user_password</arg>
<arg>${psswrd}</arg>
</arguments>
<msg timestamp="20190219 08:50:23.228" level="INFO">Typing text ''huippu salainen salasana'' into text field 'id=user_password'.</msg>
<status status="PASS" starttime="20190219 08:50:23.227" endtime="20190219 08:50:23.478"></status>
</kw>
<status status="PASS" starttime="20190219 08:50:23.014" endtime="20190219 08:50:23.478"></status>
</kw>
<kw name="Click Button" library="SeleniumLibrary">
<doc>Clicks button identified by ``locator``.</doc>
<arguments>
<arg>id=btn-signin</arg>
</arguments>
<msg timestamp="20190219 08:50:23.478" level="INFO">Clicking button 'id=btn-signin'.</msg>
<status status="PASS" starttime="20190219 08:50:23.478" endtime="20190219 08:50:24.218"></status>
</kw>
<kw name="Page Should Contain" library="SeleniumLibrary">
<doc>Verifies that current page contains ``text``.</doc>
<arguments>
<arg>Invalid</arg>
</arguments>
<msg timestamp="20190219 08:50:24.267" level="INFO">Current page contains text 'Invalid'.</msg>
<status status="PASS" starttime="20190219 08:50:24.218" endtime="20190219 08:50:24.268"></status>
</kw>
<kw name="Sleep" library="BuiltIn">
<doc>Pauses the test executed for the given time.</doc>
<arguments>
<arg>5</arg>
</arguments>
<msg timestamp="20190219 08:50:29.269" level="INFO">Slept 5 seconds</msg>
<status status="PASS" starttime="20190219 08:50:24.268" endtime="20190219 08:50:29.269"></status>
</kw>
<status status="PASS" starttime="20190219 08:50:13.450" endtime="20190219 08:50:29.269" critical="yes"></status>
</test>
<kw name="Close Browser" library="SeleniumLibrary" type="teardown">
<doc>Closes the current browser.</doc>
<status status="PASS" starttime="20190219 08:50:29.270" endtime="20190219 08:50:29.335"></status>
</kw>
<doc>Tests relating login and logout</doc>
<status status="PASS" starttime="20190219 08:50:05.502" endtime="20190219 08:50:29.335"></status>
</suite>
<status status="PASS" starttime="20190219 08:50:05.473" endtime="20190219 08:50:29.337"></status>
</suite>
<statistics>
<total>
<stat pass="1" fail="0">Critical Tests</stat>
<stat pass="1" fail="0">All Tests</stat>
</total>
<tag>
</tag>
<suite>
<stat pass="1" fail="0" id="s1" name="Account">Account</stat>
<stat pass="1" fail="0" id="s1-s1" name="Login">Account.Login</stat>
</suite>
</statistics>
<errors>
</errors>
</robot>
